<?xml version="1.0" encoding="UTF-8"?>
<!-- Generated by org.testng.reporters.JUnitReportReporter -->
<testsuite hostname="SriRamjiHome" failures="0" tests="1" name="com.training.testcases.NewLoginTest$LoginTest" time="7.067" errors="0" timestamp="29 Mar 2024 21:17:40 GMT">
  <testcase classname="com.training.testcases.NewLoginTest$LoginTest" name="login" time="7.067"/>
</testsuite> <!-- com.training.testcases.NewLoginTest$LoginTest -->
