<?xml version="1.0" encoding="UTF-8"?>
<!-- Generated by org.testng.reporters.JUnitReportReporter -->
<testsuite hostname="SriRamjiHome" failures="0" tests="1" name="com.training.testcases.NewLoginTest" time="9.865" errors="0" timestamp="9 Apr 2024 22:54:10 GMT">
  <testcase classname="com.training.testcases.NewLoginTest" name="login" time="9.865"/>
</testsuite> <!-- com.training.testcases.NewLoginTest -->
