<?xml version="1.0" encoding="UTF-8"?>
<!-- Generated by org.testng.reporters.JUnitReportReporter -->
<testsuite hostname="SriRamjiHome" failures="0" tests="1" name="com.training.testcases.LoginTest" time="5.723" errors="0" timestamp="10 Apr 2024 00:19:59 GMT">
  <testcase classname="com.training.testcases.LoginTest" name="login" time="5.723"/>
</testsuite> <!-- com.training.testcases.LoginTest -->
