<?xml version="1.0" encoding="UTF-8"?>
<!-- Generated by org.testng.reporters.JUnitReportReporter -->
<testsuite hostname="SriRamjiHome" failures="0" tests="1" name="com.training.testcases.HomeTest2" time="2.973" errors="0" timestamp="28 Mar 2024 03:19:54 GMT">
  <testcase classname="com.training.testcases.HomeTest2" name="testfnamelastName" time="2.973"/>
</testsuite> <!-- com.training.testcases.HomeTest2 -->
